Flow report for final_project_6
Mon Jun 06 14:37:51 2022
Quartus II Version 9.1 Build 350 03/24/2010 Service Pack 2 SJ Web Edition


---------------------
; Table of Contents ;
---------------------
  1. Legal Notice
  2. Flow Summary
  3. Flow Settings
  4. Flow Non-Default Global Settings
  5. Flow Elapsed Time
  6. Flow OS Summary
  7. Flow Log



----------------
; Legal Notice ;
----------------
Copyright (C) 1991-2010 Altera Corporation
Your use of Altera Corporation's design tools, logic functions 
and other software and tools, and its AMPP partner logic 
functions, and any output files from any of the foregoing 
(including device programming or simulation files), and any 
associated documentation or information are expressly subject 
to the terms and conditions of the Altera Program License 
Subscription Agreement, Altera MegaCore Function License 
Agreement, or other applicable license agreement, including, 
without limitation, that your use is for the sole purpose of 
programming logic devices manufactured by Altera and sold by 
Altera or its authorized distributors.  Please refer to the 
applicable agreement for further details.



+-----------------------------------------------------------------------------------+
; Flow Summary                                                                      ;
+------------------------------------+----------------------------------------------+
; Flow Status                        ; Successful - Mon Jun 06 14:37:39 2022        ;
; Quartus II Version                 ; 9.1 Build 350 03/24/2010 SP 2 SJ Web Edition ;
; Revision Name                      ; final_project_6                              ;
; Top-level Entity Name              ; final_project_6                              ;
; Family                             ; Cyclone III                                  ;
; Device                             ; EP3C16F484C6                                 ;
; Timing Models                      ; Final                                        ;
; Met timing requirements            ; N/A                                          ;
; Total logic elements               ; 3,808 / 15,408 ( 25 % )                      ;
;     Total combinational functions  ; 3,804 / 15,408 ( 25 % )                      ;
;     Dedicated logic registers      ; 573 / 15,408 ( 4 % )                         ;
; Total registers                    ; 573                                          ;
; Total pins                         ; 59 / 347 ( 17 % )                            ;
; Total virtual pins                 ; 0                                            ;
; Total memory bits                  ; 0 / 516,096 ( 0 % )                          ;
; Embedded Multiplier 9-bit elements ; 0 / 112 ( 0 % )                              ;
; Total PLLs                         ; 1 / 4 ( 25 % )                               ;
+------------------------------------+----------------------------------------------+


+-----------------------------------------+
; Flow Settings                           ;
+-------------------+---------------------+
; Option            ; Setting             ;
+-------------------+---------------------+
; Start date & time ; 06/06/2022 14:36:51 ;
; Main task         ; Compilation         ;
; Revision Name     ; final_project_6     ;
+-------------------+---------------------+


+--------------------------------------------------------------------------------------------------------------------------------------------------+
; Flow Non-Default Global Settings                                                                                                                 ;
+------------------------------------+--------------------------------------------------------------+---------------+-------------+----------------+
; Assignment Name                    ; Value                                                        ; Default Value ; Entity Name ; Section Id     ;
+------------------------------------+--------------------------------------------------------------+---------------+-------------+----------------+
; COMPILER_SIGNATURE_ID              ; 121376939266.165449741113252                                 ; --            ; --          ; --             ;
; MAX_CORE_JUNCTION_TEMP             ; 85                                                           ; --            ; --          ; --             ;
; MIN_CORE_JUNCTION_TEMP             ; 0                                                            ; --            ; --          ; --             ;
; MISC_FILE                          ; C:/Users/Yixiang/Desktop/final_project_6/final_project_6.dpf ; --            ; --          ; --             ;
; NOMINAL_CORE_SUPPLY_VOLTAGE        ; 1.2V                                                         ; --            ; --          ; --             ;
; PARTITION_COLOR                    ; 16764057                                                     ; --            ; --          ; Top            ;
; PARTITION_NETLIST_TYPE             ; SOURCE                                                       ; --            ; --          ; Top            ;
; USE_GENERATED_PHYSICAL_CONSTRAINTS ; Off                                                          ; --            ; --          ; eda_blast_fpga ;
+------------------------------------+--------------------------------------------------------------+---------------+-------------+----------------+


+-------------------------------------------------------------------------------------------------------------------------------+
; Flow Elapsed Time                                                                                                             ;
+---------------------------+--------------+-------------------------+---------------------+------------------------------------+
; Module Name               ; Elapsed Time ; Average Processors Used ; Peak Virtual Memory ; Total CPU Time (on all processors) ;
+---------------------------+--------------+-------------------------+---------------------+------------------------------------+
; Analysis & Synthesis      ; 00:00:19     ; 1.0                     ; 237 MB              ; 00:00:18                           ;
; Fitter                    ; 00:00:23     ; 1.0                     ; 315 MB              ; 00:00:24                           ;
; TimeQuest Timing Analyzer ; 00:00:14     ; 1.0                     ; 279 MB              ; 00:00:13                           ;
; Assembler                 ; 00:00:02     ; 1.0                     ; 240 MB              ; 00:00:01                           ;
; Total                     ; 00:00:56     ; --                      ; --                  ; 00:00:55                           ;
+---------------------------+--------------+-------------------------+---------------------+------------------------------------+


+--------------------------------------------------------------------------------------------+
; Flow OS Summary                                                                            ;
+---------------------------+------------------+---------------+------------+----------------+
; Module Name               ; Machine Hostname ; OS Name       ; OS Version ; Processor type ;
+---------------------------+------------------+---------------+------------+----------------+
; Analysis & Synthesis      ; DESKTOP-K9T0KSJ  ; Windows Vista ; 6.2        ; x86_64         ;
; Fitter                    ; DESKTOP-K9T0KSJ  ; Windows Vista ; 6.2        ; x86_64         ;
; Assembler                 ; DESKTOP-K9T0KSJ  ; Windows Vista ; 6.2        ; x86_64         ;
; TimeQuest Timing Analyzer ; DESKTOP-K9T0KSJ  ; Windows Vista ; 6.2        ; x86_64         ;
+---------------------------+------------------+---------------+------------+----------------+


------------
; Flow Log ;
------------
quartus_map --read_settings_files=on --write_settings_files=off final_project_6 -c final_project_6
quartus_fit --read_settings_files=off --write_settings_files=off final_project_6 -c final_project_6
quartus_asm --read_settings_files=off --write_settings_files=off final_project_6 -c final_project_6
quartus_sta final_project_6 -c final_project_6



